2025-11-08 17:50:56,485 | INFO | === Starting workflow run ===
2025-11-08 17:50:56,486 | INFO | Profile dir: /home/nitro/Work Space/Python/Browserman/pw_profile
2025-11-08 17:50:56,486 | INFO | Viewport: 1920x1080
2025-11-08 17:50:56,778 | ERROR | Run aborted: BrowserType.launch_persistent_context: Failed to create a ProcessSingleton for your profile directory. This usually means that the profile is already in use by another instance of Chromium.
Call log:
  - <launching> /home/nitro/.cache/ms-playwright/chromium-1187/chrome-linux/chrome --disable-field-trial-config --disable-background-networking --disable-background-timer-throttling --disable-backgrounding-occluded-windows --disable-back-forward-cache --disable-breakpad --disable-client-side-phishing-detection --disable-component-extensions-with-background-pages --disable-component-update --no-default-browser-check --disable-default-apps --disable-dev-shm-usage --disable-extensions --disable-features=AcceptCHFrame,AvoidUnnecessaryBeforeUnloadCheckSync,DestroyProfileOnBrowserClose,DialMediaRouteProvider,GlobalMediaControls,HttpsUpgrades,LensOverlay,MediaRouter,PaintHolding,ThirdPartyStoragePartitioning,Translate,AutoDeElevate --allow-pre-commit-input --disable-hang-monitor --disable-ipc-flooding-protection --disable-popup-blocking --disable-prompt-on-repost --disable-renderer-backgrounding --force-color-profile=srgb --metrics-recording-only --no-first-run --password-store=basic --use-mock-keychain --no-service-autorun --export-tagged-pdf --disable-search-engine-choice-screen --unsafely-disable-devtools-self-xss-warnings --edge-skip-compat-layer-relaunch --enable-automation --no-sandbox --window-size=1920,1080 --start-maximized --user-data-dir=/home/nitro/Work Space/Python/Browserman/pw_profile --remote-debugging-pipe about:blank
  - <launched> pid=111610
  - [pid=111610][err] [111610:111610:1108/175056.766443:ERROR:chrome/browser/process_singleton_posix.cc:340] Failed to create /home/nitro/Work Space/Python/Browserman/pw_profile/SingletonLock: File exists (17)
  - [pid=111610][err] [111610:111610:1108/175056.766839:ERROR:chrome/app/chrome_main_delegate.cc:505] Failed to create a ProcessSingleton for your profile directory. This means that running multiple instances would start multiple browser processes rather than opening a new window in the existing process. Aborting now to avoid profile corruption.
  - [pid=111610] <gracefully close start>
  - [pid=111610] <kill>
  - [pid=111610] <will force kill>
  - [pid=111610] <process did exit: exitCode=21, signal=null>
  - [pid=111610] starting temporary directories cleanup
  - [pid=111610] finished temporary directories cleanup
  - [pid=111610] <gracefully close end>

2025-11-08 17:52:02,607 | INFO | === Starting workflow run ===
2025-11-08 17:52:02,607 | INFO | Profile dir: /home/nitro/Work Space/Python/Browserman/pw_profile
2025-11-08 17:52:02,607 | INFO | Viewport: 1920x1080
2025-11-08 17:52:02,871 | ERROR | Run aborted: BrowserType.launch_persistent_context: Failed to create a ProcessSingleton for your profile directory. This usually means that the profile is already in use by another instance of Chromium.
Call log:
  - <launching> /home/nitro/.cache/ms-playwright/chromium-1187/chrome-linux/chrome --disable-field-trial-config --disable-background-networking --disable-background-timer-throttling --disable-backgrounding-occluded-windows --disable-back-forward-cache --disable-breakpad --disable-client-side-phishing-detection --disable-component-extensions-with-background-pages --disable-component-update --no-default-browser-check --disable-default-apps --disable-dev-shm-usage --disable-extensions --disable-features=AcceptCHFrame,AvoidUnnecessaryBeforeUnloadCheckSync,DestroyProfileOnBrowserClose,DialMediaRouteProvider,GlobalMediaControls,HttpsUpgrades,LensOverlay,MediaRouter,PaintHolding,ThirdPartyStoragePartitioning,Translate,AutoDeElevate --allow-pre-commit-input --disable-hang-monitor --disable-ipc-flooding-protection --disable-popup-blocking --disable-prompt-on-repost --disable-renderer-backgrounding --force-color-profile=srgb --metrics-recording-only --no-first-run --password-store=basic --use-mock-keychain --no-service-autorun --export-tagged-pdf --disable-search-engine-choice-screen --unsafely-disable-devtools-self-xss-warnings --edge-skip-compat-layer-relaunch --enable-automation --no-sandbox --window-size=1920,1080 --start-maximized --user-data-dir=/home/nitro/Work Space/Python/Browserman/pw_profile --remote-debugging-pipe about:blank
  - <launched> pid=112408
  - [pid=112408][err] [112408:112408:1108/175202.856468:ERROR:chrome/browser/process_singleton_posix.cc:340] Failed to create /home/nitro/Work Space/Python/Browserman/pw_profile/SingletonLock: File exists (17)
  - [pid=112408][err] [112408:112408:1108/175202.856712:ERROR:chrome/app/chrome_main_delegate.cc:505] Failed to create a ProcessSingleton for your profile directory. This means that running multiple instances would start multiple browser processes rather than opening a new window in the existing process. Aborting now to avoid profile corruption.
  - [pid=112408] <gracefully close start>
  - [pid=112408] <kill>
  - [pid=112408] <will force kill>
  - [pid=112408] <process did exit: exitCode=21, signal=null>
  - [pid=112408] starting temporary directories cleanup
  - [pid=112408] finished temporary directories cleanup
  - [pid=112408] <gracefully close end>

2025-11-08 17:52:27,283 | INFO | === Starting workflow run ===
2025-11-08 17:52:27,283 | INFO | Profile dir: /home/nitro/Work Space/Python/Browserman/pw_profile
2025-11-08 17:52:27,283 | INFO | Viewport: 1920x1080
2025-11-08 17:52:27,818 | INFO | Initial goto: https://www.pesi.com/sq/bh_c_001314_masteringdsm5_feb2023_sq_redirect-610455?redirecturl=1
2025-11-08 17:52:33,989 | INFO | --- Step 1: Step #1 ---
2025-11-08 17:52:33,989 | INFO | Click selector: *[data-productsqueezemediaid="2724"]
2025-11-08 17:52:49,181 | INFO | --- Step 2: Step #2 ---
2025-11-08 17:52:49,181 | INFO | Click selector: *[name="creditTypeIds"]
2025-11-08 17:52:49,184 | ERROR | Step failed: Step #2 | No matching elements found.
2025-11-08 17:52:49,274 | ERROR | Run aborted: No matching elements found.
2025-11-08 17:54:25,172 | INFO | === Starting workflow run ===
2025-11-08 17:54:25,172 | INFO | Profile dir: /home/nitro/Work Space/Python/Browserman/pw_profile
2025-11-08 17:54:25,172 | INFO | Viewport: 1920x1080
2025-11-08 17:54:25,703 | INFO | Initial goto: https://www.pesi.com/sq/bh_c_001314_masteringdsm5_feb2023_sq_redirect-610455?redirecturl=1
2025-11-08 17:54:55,775 | ERROR | Run aborted: Page.goto: Timeout 30000ms exceeded.
Call log:
  - navigating to "https://www.pesi.com/sq/bh_c_001314_masteringdsm5_feb2023_sq_redirect-610455?redirecturl=1", waiting until "load"

2025-11-08 17:55:05,034 | INFO | === Starting workflow run ===
2025-11-08 17:55:05,035 | INFO | Profile dir: /home/nitro/Work Space/Python/Browserman/pw_profile
2025-11-08 17:55:05,035 | INFO | Viewport: 1920x1080
2025-11-08 17:55:05,559 | INFO | Initial goto: https://www.pesi.com/sq/bh_c_001314_masteringdsm5_feb2023_sq_redirect-610455?redirecturl=1
2025-11-08 17:55:12,084 | INFO | --- Step 1: Enter To Exam ---
2025-11-08 17:55:12,084 | INFO | Click selector: *[data-productsqueezemediaid="2724"]
2025-11-08 17:55:27,267 | INFO | --- Step 2: Select Credit ---
2025-11-08 17:55:27,267 | INFO | Click selector: *[name="creditTypeIds"]
2025-11-08 17:55:27,274 | ERROR | Step failed: Select Credit | No matching elements found.
2025-11-08 17:55:27,355 | ERROR | Run aborted: No matching elements found.
2025-11-08 17:56:42,509 | INFO | === Starting workflow run ===
2025-11-08 17:56:42,509 | INFO | Profile dir: /home/nitro/Work Space/Python/Browserman/pw_profile
2025-11-08 17:56:42,509 | INFO | Viewport: 1920x1080
2025-11-08 17:56:43,036 | INFO | Initial goto: https://www.pesi.com/sq/bh_c_001314_masteringdsm5_feb2023_sq_redirect-610455?redirecturl=1
2025-11-08 17:56:49,021 | INFO | --- Step 1: Enter To Exam ---
2025-11-08 17:56:49,021 | INFO | Click selector: *[data-productsqueezemediaid="2724"]
2025-11-08 17:57:04,207 | INFO | --- Step 2: Select Credit ---
2025-11-08 17:57:04,207 | INFO | Click selector: *[name="creditTypeIds"]
2025-11-08 17:58:08,951 | ERROR | Step failed: Select Credit | array_select_one index 1 is out of range (found 0).
2025-11-08 17:58:09,047 | ERROR | Run aborted: array_select_one index 1 is out of range (found 0).
2025-11-08 17:58:10,009 | INFO | === Starting workflow run ===
2025-11-08 17:58:10,009 | INFO | Profile dir: /home/nitro/Work Space/Python/Browserman/pw_profile
2025-11-08 17:58:10,009 | INFO | Viewport: 1920x1080
2025-11-08 17:58:10,541 | INFO | Initial goto: https://www.pesi.com/sq/bh_c_001314_masteringdsm5_feb2023_sq_redirect-610455?redirecturl=1
2025-11-08 17:58:16,379 | INFO | --- Step 1: Enter To Exam ---
2025-11-08 17:58:16,380 | INFO | Click selector: *[data-productsqueezemediaid="2724"]
2025-11-08 17:58:31,474 | INFO | --- Step 2: Select Credit ---
2025-11-08 17:58:31,474 | INFO | Click selector: a[aria-label="Click here to select your credits"]
2025-11-09 10:34:54,902 | INFO | === Starting workflow run ===
2025-11-09 10:34:54,903 | INFO | Profile dir: /home/nitro/Work Space/Python/Browserman/pw_profile
2025-11-09 10:34:54,903 | INFO | Viewport: 1920x1080
2025-11-09 10:34:56,936 | INFO | Initial goto: https://www.pesi.com/sq/bh_c_001314_masteringdsm5_feb2023_sq_redirect-610455?redirecturl=1
2025-11-09 10:35:04,210 | INFO | --- Step 1: Enter To Exam ---
2025-11-09 10:35:04,211 | INFO | Click selector: *[data-productsqueezemediaid="2724"]
2025-11-09 10:35:19,542 | INFO | --- Step 2: Select Credit ---
2025-11-09 10:35:19,543 | INFO | Click selector: a[aria-label="Click here to select your credits"]
2025-11-09 10:44:42,322 | ERROR | Run aborted: BrowserContext.close: Connection closed while reading from the driver
2025-11-09 10:44:43,892 | INFO | === Starting workflow run ===
2025-11-09 10:44:43,893 | INFO | Profile dir: /home/nitro/Work Space/Python/Browserman/pw_profile
2025-11-09 10:44:43,893 | INFO | Viewport: 1920x1080
2025-11-09 10:44:45,552 | INFO | Initial goto: https://www.pesi.com/sq/bh_c_001314_masteringdsm5_feb2023_sq_redirect-610455?redirecturl=1
2025-11-09 10:44:51,927 | INFO | --- Step 1: Enter To Exam ---
2025-11-09 10:44:51,927 | INFO | Click selector: a[data-productsqueezemediaid="2724"]
2025-11-09 10:45:07,515 | INFO | --- Step 2: Select Credit ---
2025-11-09 10:45:07,516 | INFO | Click selector: a[aria-label="Click here to select your credits"]
2025-11-09 11:12:03,517 | ERROR | Run aborted: BrowserContext.close: Connection closed while reading from the driver
2025-11-09 11:12:05,177 | INFO | === Starting workflow run ===
2025-11-09 11:12:05,177 | INFO | Profile dir: /home/nitro/Work Space/Python/Browserman/pw_profile
2025-11-09 11:12:05,177 | INFO | Viewport: 1920x1080
2025-11-09 11:12:07,077 | INFO | Initial goto: https://www.pesi.com/sq/bh_c_001314_masteringdsm5_feb2023_sq_redirect-610455?redirecturl=1
2025-11-09 11:12:14,220 | INFO | --- Step 1: Enter To Exam ---
2025-11-09 11:12:14,221 | INFO | Click selector: a[data-productsqueezemediaid="2724"]
2025-11-09 11:12:29,566 | INFO | --- Step 2: Select Credit ---
2025-11-09 11:12:29,567 | INFO | Click selector: a[aria-label="Click here to select your credits"]
2025-11-09 11:15:24,689 | ERROR | Run aborted: BrowserContext.close: Connection closed while reading from the driver
2025-11-09 11:15:25,759 | INFO | === Starting workflow run ===
2025-11-09 11:15:25,759 | INFO | Profile dir: /home/nitro/Work Space/Python/Browserman/pw_profile
2025-11-09 11:15:25,759 | INFO | Viewport: 1920x1080
2025-11-09 11:15:27,452 | INFO | Initial goto: https://www.pesi.com/sq/bh_c_001314_masteringdsm5_feb2023_sq_redirect-610455?redirecturl=1
2025-11-09 11:15:33,792 | INFO | --- Step 1: Enter To Exam ---
2025-11-09 11:15:33,792 | INFO | Click selector: a[data-productsqueezemediaid="2724"]
2025-11-09 11:15:49,570 | INFO | --- Step 2: Select Credit ---
2025-11-09 11:15:49,570 | INFO | Click selector: div.panel-heading .popCertificationSuccess .collapsed
2025-11-09 11:16:33,946 | ERROR | Run aborted: BrowserContext.close: Connection closed while reading from the driver
2025-11-09 11:16:35,842 | INFO | === Starting workflow run ===
2025-11-09 11:16:35,843 | INFO | Profile dir: /home/nitro/Work Space/Python/Browserman/pw_profile
2025-11-09 11:16:35,843 | INFO | Viewport: 1920x1080
2025-11-09 11:16:37,797 | INFO | Initial goto: https://www.pesi.com/sq/bh_c_001314_masteringdsm5_feb2023_sq_redirect-610455?redirecturl=1
2025-11-09 11:16:44,087 | INFO | --- Step 1: Enter To Exam ---
2025-11-09 11:16:44,088 | INFO | Click selector: a[data-productsqueezemediaid="2724"]
2025-11-09 11:16:59,880 | INFO | --- Step 2: Select Credit ---
2025-11-09 11:16:59,881 | INFO | Click selector: div.popCertificationSuccess
2025-11-09 11:19:17,121 | ERROR | Step failed: Select Credit | array_select_one index 1 is out of range (found 0).
2025-11-09 11:19:17,433 | ERROR | Run aborted: array_select_one index 1 is out of range (found 0).
2025-11-09 11:19:19,550 | INFO | === Starting workflow run ===
2025-11-09 11:19:19,550 | INFO | Profile dir: /home/nitro/Work Space/Python/Browserman/pw_profile
2025-11-09 11:19:19,550 | INFO | Viewport: 1920x1080
2025-11-09 11:19:21,305 | INFO | Initial goto: https://www.pesi.com/sq/bh_c_001314_masteringdsm5_feb2023_sq_redirect-610455?redirecturl=1
2025-11-09 11:19:27,602 | INFO | --- Step 1: Enter To Exam ---
2025-11-09 11:19:27,603 | INFO | Click selector: a[data-productsqueezemediaid="2724"]
2025-11-09 11:19:43,194 | INFO | --- Step 2: Select Credit ---
2025-11-09 11:19:43,195 | INFO | Click selector: div.popCertificationSuccess
2025-11-09 11:23:30,799 | ERROR | Run aborted: BrowserContext.close: Connection closed while reading from the driver
2025-11-09 11:23:32,280 | INFO | === Starting workflow run ===
2025-11-09 11:23:32,281 | INFO | Profile dir: /home/nitro/Work Space/Python/Browserman/pw_profile
2025-11-09 11:23:32,281 | INFO | Viewport: 1920x1080
2025-11-09 11:23:34,058 | INFO | Initial goto: https://www.pesi.com/sq/bh_c_001314_masteringdsm5_feb2023_sq_redirect-610455?redirecturl=1
2025-11-09 11:23:40,295 | INFO | --- Step 1: Enter To Exam ---
2025-11-09 11:23:40,295 | INFO | Click selector: a[data-productsqueezemediaid="2724"]
2025-11-09 11:23:55,608 | INFO | --- Step 2: Select Credit ---
2025-11-09 11:23:55,608 | INFO | Click selector: div.popCertificationSuccess
2025-11-09 11:48:58,669 | ERROR | Run aborted: BrowserContext.close: Connection closed while reading from the driver
2025-11-09 11:49:51,672 | INFO | === Starting workflow run ===
2025-11-09 11:49:51,672 | INFO | Profile dir: /home/nitro/Work Space/Python/Browserman/pw_profile
2025-11-09 11:49:51,673 | INFO | Viewport: 1920x1080
2025-11-09 11:49:53,340 | INFO | --- Step 1: Step #1 ---
2025-11-09 11:49:53,340 | INFO | Navigating to: https://www.pesi.com/sq/bh_c_001314_masteringdsm5_feb2023_sq_redirect-610455?redirecturl=1
2025-11-09 11:49:58,861 | INFO | --- Step 2: Enter To Exam ---
2025-11-09 11:49:58,861 | INFO | Click selector: a[data-productsqueezemediaid="2724"]
2025-11-09 11:50:14,676 | INFO | === Workflow completed successfully ===
2025-11-09 11:50:46,105 | INFO | === Starting workflow run ===
2025-11-09 11:50:46,105 | INFO | Profile dir: /home/nitro/Work Space/Python/Browserman/pw_profile
2025-11-09 11:50:46,106 | INFO | Viewport: 1920x1080
2025-11-09 11:50:47,753 | INFO | --- Step 1: Step #1 ---
2025-11-09 11:50:47,754 | INFO | Navigating to: https://www.pesi.com/sq/bh_c_001314_masteringdsm5_feb2023_sq_redirect-610455?redirecturl=1
2025-11-09 11:50:55,264 | INFO | --- Step 2: Enter To Exam ---
2025-11-09 11:50:55,264 | INFO | Click selector: a[data-productsqueezemediaid="2724"]
2025-11-09 11:51:11,262 | INFO | === Workflow completed successfully ===
2025-11-09 11:53:17,634 | INFO | === Starting workflow run ===
2025-11-09 11:53:17,635 | INFO | Profile dir: /home/nitro/Work Space/Python/Browserman/pw_profile
2025-11-09 11:53:17,635 | INFO | Viewport: 1920x1080
2025-11-09 11:53:19,284 | INFO | --- Step 1: Step #1 ---
2025-11-09 11:53:19,285 | INFO | Navigating to: https://www.pesi.com/sq/bh_c_001314_masteringdsm5_feb2023_sq_redirect-610455?redirecturl=1
2025-11-09 11:53:25,576 | INFO | --- Step 2: Enter To Exam ---
2025-11-09 11:53:25,576 | INFO | Click selector: a[data-productsqueezemediaid="2724"]
2025-11-09 11:53:41,149 | INFO | --- Step 3: Step #3 ---
2025-11-09 11:53:41,150 | ERROR | Step failed: Step #3 | Frame step requires one of: "selector", "name", "url", or "index"
2025-11-09 11:56:37,896 | ERROR | Run aborted: Frame step requires one of: "selector", "name", "url", or "index"
2025-11-09 11:56:39,127 | INFO | === Starting workflow run ===
2025-11-09 11:56:39,128 | INFO | Profile dir: /home/nitro/Work Space/Python/Browserman/pw_profile
2025-11-09 11:56:39,128 | INFO | Viewport: 1920x1080
2025-11-09 11:56:40,799 | INFO | --- Step 1: Step #1 ---
2025-11-09 11:56:40,799 | INFO | Navigating to: https://www.pesi.com/sq/bh_c_001314_masteringdsm5_feb2023_sq_redirect-610455?redirecturl=1
2025-11-09 11:56:47,275 | INFO | --- Step 2: Enter To Exam ---
2025-11-09 11:56:47,276 | INFO | Click selector: a[data-productsqueezemediaid="2724"]
2025-11-09 11:57:03,636 | INFO | --- Step 3: Step #3 ---
2025-11-09 11:57:03,636 | INFO | Switching to frame by selector: .mfp-iframe
2025-11-09 11:57:03,637 | INFO | --- Step 4: Step #4 ---
2025-11-09 11:57:03,637 | INFO | Click selector: a[aria-label=="Click here to select your credits"]
2025-11-09 11:57:03,703 | ERROR | Step failed: Step #4 | Locator.count: SyntaxError: Failed to execute 'querySelectorAll' on 'Document': 'a[aria-label=="Click here to select your credits"]' is not a valid selector.
    at query (<anonymous>:5031:41)
    at <anonymous>:5041:7
    at SelectorEvaluatorImpl._cached (<anonymous>:4818:20)
    at SelectorEvaluatorImpl._queryCSS (<anonymous>:5028:17)
    at SelectorEvaluatorImpl._querySimple (<anonymous>:4908:19)
    at <anonymous>:4856:29
    at SelectorEvaluatorImpl._cached (<anonymous>:4818:20)
    at SelectorEvaluatorImpl.query (<anonymous>:4849:19)
    at Object.query (<anonymous>:5063:44)
    at <anonymous>:5021:21
2025-11-09 11:57:25,616 | INFO | === Starting workflow run ===
2025-11-09 11:57:25,616 | INFO | Profile dir: /home/nitro/Work Space/Python/Browserman/pw_profile
2025-11-09 11:57:25,616 | INFO | Viewport: 1920x1080
2025-11-09 11:57:27,251 | INFO | --- Step 1: Step #1 ---
2025-11-09 11:57:27,252 | INFO | Navigating to: https://www.pesi.com/sq/bh_c_001314_masteringdsm5_feb2023_sq_redirect-610455?redirecturl=1
2025-11-09 11:57:33,898 | INFO | --- Step 2: Enter To Exam ---
2025-11-09 11:57:33,899 | INFO | Click selector: a[data-productsqueezemediaid="2724"]
2025-11-09 11:57:49,672 | INFO | --- Step 3: Step #3 ---
2025-11-09 11:57:49,673 | INFO | Switching to frame by selector: .mfp-iframe
2025-11-09 11:57:49,673 | INFO | --- Step 4: Step #4 ---
2025-11-09 11:57:49,673 | INFO | Click selector: a[aria-label="Click here to select your credits"]
2025-11-09 11:57:49,877 | INFO | === Workflow completed successfully ===
2025-11-09 12:03:02,650 | INFO | === Starting workflow run ===
2025-11-09 12:03:02,650 | INFO | Profile dir: /home/nitro/Work Space/Python/Browserman/pw_profile
2025-11-09 12:03:02,650 | INFO | Viewport: 1920x1080
2025-11-09 12:03:04,241 | INFO | --- Step 1: Step #1 ---
2025-11-09 12:03:04,241 | INFO | Navigating to: https://www.pesi.com/sq/bh_c_001314_masteringdsm5_feb2023_sq_redirect-610455?redirecturl=1
2025-11-09 12:03:10,708 | INFO | --- Step 2: Enter To Exam ---
2025-11-09 12:03:10,709 | INFO | Click selector: a[data-productsqueezemediaid="2724"]
2025-11-09 12:03:27,381 | INFO | --- Step 3: Step #3 ---
2025-11-09 12:03:27,382 | INFO | Switching to frame by selector: .mfp-iframe
2025-11-09 12:03:27,382 | INFO | --- Step 4: Open credits box ---
2025-11-09 12:03:27,383 | INFO | Click selector: a[aria-label="Click here to select your credits"]
2025-11-09 12:03:27,663 | INFO | --- Step 5: Select a Credits ---
2025-11-09 12:03:27,663 | INFO | Click selector: a[name="creditTypeIds"]
2025-11-09 12:04:54,651 | INFO | === Starting workflow run ===
2025-11-09 12:04:54,651 | INFO | Profile dir: /home/nitro/Work Space/Python/Browserman/pw_profile
2025-11-09 12:04:54,651 | INFO | Viewport: 1920x1080
2025-11-09 12:04:56,349 | INFO | --- Step 1: Step #1 ---
2025-11-09 12:04:56,349 | INFO | Navigating to: https://www.pesi.com/sq/bh_c_001314_masteringdsm5_feb2023_sq_redirect-610455?redirecturl=1
2025-11-09 12:05:05,046 | INFO | --- Step 2: Enter To Exam ---
2025-11-09 12:05:05,046 | INFO | Click selector: a[data-productsqueezemediaid="2724"]
2025-11-09 12:05:21,127 | INFO | --- Step 3: Step #3 ---
2025-11-09 12:05:21,127 | INFO | Switching to frame by selector: .mfp-iframe
2025-11-09 12:05:21,128 | INFO | --- Step 4: Open credits box ---
2025-11-09 12:05:21,128 | INFO | Click selector: a[aria-label="Click here to select your credits"]
2025-11-09 12:05:21,439 | INFO | --- Step 5: Select a Credits ---
2025-11-09 12:05:21,439 | INFO | Click selector: input[name="creditTypeIds"]
2025-11-09 12:05:21,969 | INFO | === Workflow completed successfully ===
2025-11-09 12:09:57,256 | INFO | === Starting workflow run ===
2025-11-09 12:09:57,256 | INFO | Profile dir: /home/nitro/Work Space/Python/Browserman/pw_profile
2025-11-09 12:09:57,256 | INFO | Viewport: 1920x1080
2025-11-09 12:09:59,053 | INFO | --- Step 1: Step #1 ---
2025-11-09 12:09:59,053 | INFO | Navigating to: https://www.pesi.com/sq/bh_c_001314_masteringdsm5_feb2023_sq_redirect-610455?redirecturl=1
2025-11-09 12:10:11,102 | INFO | --- Step 2: Enter To Exam ---
2025-11-09 12:10:11,102 | INFO | Click selector: a[data-productsqueezemediaid="2724"]
2025-11-09 12:10:21,601 | INFO | --- Step 3: Step #3 ---
2025-11-09 12:10:21,601 | INFO | Switching to frame by selector: .mfp-iframe
2025-11-09 12:10:21,602 | INFO | --- Step 4: Open credits box ---
2025-11-09 12:10:21,602 | INFO | Click selector: a[aria-label="Click here to select your credits"]
2025-11-09 12:10:23,819 | INFO | --- Step 5: Select a Credits ---
2025-11-09 12:10:23,820 | INFO | Click selector: input[name="creditTypeIds"]
2025-11-09 12:10:26,034 | INFO | --- Step 6: Open Exam Box ---
2025-11-09 12:10:26,035 | INFO | Click selector: a[aria-label="Click here For Quiz"]
2025-11-09 12:10:28,168 | INFO | --- Step 7: Step #7 ---
2025-11-09 12:10:28,168 | INFO | Click selector: a | has_text=Resume Quiz
2025-11-09 12:10:30,317 | INFO | === Workflow completed successfully ===
2025-11-09 12:19:32,844 | INFO | === Starting workflow run ===
2025-11-09 12:19:32,844 | INFO | Profile dir: /home/nitro/Work Space/Python/Browserman/pw_profile
2025-11-09 12:19:32,844 | INFO | Viewport: 1920x1080
2025-11-09 12:19:34,687 | INFO | --- Step 1: Step #1 ---
2025-11-09 12:19:34,687 | INFO | Navigating to: https://www.pesi.com/sq/bh_c_001314_masteringdsm5_feb2023_sq_redirect-610455?redirecturl=1
2025-11-09 12:19:40,888 | INFO | --- Step 2: Enter To Exam ---
2025-11-09 12:19:40,889 | INFO | Click selector: a[data-productsqueezemediaid="2724"]
2025-11-09 12:19:51,374 | INFO | --- Step 3: Step #3 ---
2025-11-09 12:19:51,375 | INFO | Switching to frame by selector: .mfp-iframe
2025-11-09 12:19:51,375 | INFO | --- Step 4: Open credits box ---
2025-11-09 12:19:51,376 | INFO | Click selector: a[aria-label="Click here to select your credits"]
2025-11-09 12:19:53,598 | INFO | --- Step 5: Select a Credits ---
2025-11-09 12:19:53,599 | INFO | Click selector: input[name="creditTypeIds"]
2025-11-09 12:19:55,810 | INFO | --- Step 6: Open Exam Box ---
2025-11-09 12:19:55,810 | INFO | Click selector: a[aria-label="Click here For Quiz"]
2025-11-09 12:19:57,955 | INFO | --- Step 7: Step #7 ---
2025-11-09 12:19:57,955 | INFO | Click selector: a | has_text=Resume Quiz
2025-11-09 12:20:06,089 | INFO | --- Step 8: Step #8 ---
2025-11-09 12:20:06,109 | INFO | Found 1 parent element(s) for: section.clsQuestion
2025-11-09 12:20:06,109 | INFO | Processing parent index 0...
2025-11-09 12:20:06,109 | INFO |   Child click [1]: label | has_text=Yes
2025-11-09 12:20:08,381 | INFO | --- Step 9: Step #9 ---
2025-11-09 12:20:08,399 | INFO | Found 1 parent element(s) for: section.clsQuestion
2025-11-09 12:20:08,400 | INFO | Processing parent index 0...
2025-11-09 12:20:08,400 | INFO |   Child click [1]: label | has_text=Yes
2025-11-09 12:20:10,613 | INFO | --- Step 10: Step #10 ---
2025-11-09 12:20:10,632 | INFO | Found 1 parent element(s) for: section.clsQuestion
2025-11-09 12:20:10,632 | INFO | Processing parent index 0...
2025-11-09 12:20:10,633 | INFO |   Child click [1]: label | has_text=Yes
2025-11-09 12:20:12,830 | INFO | --- Step 11: Step #11 ---
2025-11-09 12:20:12,847 | INFO | Found 1 parent element(s) for: section.clsQuestion
2025-11-09 12:20:12,848 | INFO | Processing parent index 0...
2025-11-09 12:20:12,848 | INFO |   Child click [1]: span | has_text=10% per year.
2025-11-09 12:22:54,775 | INFO | === Starting workflow run ===
2025-11-09 12:22:54,775 | INFO | Profile dir: /home/nitro/Work Space/Python/Browserman/pw_profile
2025-11-09 12:22:54,775 | INFO | Viewport: 1920x1080
2025-11-09 12:22:56,510 | INFO | --- Step 1: Step #1 ---
2025-11-09 12:22:56,511 | INFO | Navigating to: https://www.pesi.com/sq/bh_c_001314_masteringdsm5_feb2023_sq_redirect-610455?redirecturl=1
2025-11-09 12:23:03,432 | INFO | --- Step 2: Enter To Exam ---
2025-11-09 12:23:03,432 | INFO | Click selector: a[data-productsqueezemediaid="2724"]
2025-11-09 12:23:13,925 | INFO | --- Step 3: Step #3 ---
2025-11-09 12:23:13,926 | INFO | Switching to frame by selector: .mfp-iframe
2025-11-09 12:23:13,926 | INFO | --- Step 4: Open credits box ---
2025-11-09 12:23:13,926 | INFO | Click selector: a[aria-label="Click here to select your credits"]
2025-11-09 12:23:16,143 | INFO | --- Step 5: Select a Credits ---
2025-11-09 12:23:16,144 | INFO | Click selector: input[name="creditTypeIds"]
2025-11-09 12:23:18,357 | INFO | --- Step 6: Open Exam Box ---
2025-11-09 12:23:18,357 | INFO | Click selector: a[aria-label="Click here For Quiz"]
2025-11-09 12:23:20,511 | INFO | --- Step 7: Step #7 ---
2025-11-09 12:23:20,511 | INFO | Click selector: a | has_text=Resume Quiz
2025-11-09 12:23:28,638 | INFO | --- Step 8: Step #8 ---
2025-11-09 12:23:28,660 | INFO | Found 1 parent element(s) for: section.clsQuestion
2025-11-09 12:23:28,660 | INFO | Processing parent index 0...
2025-11-09 12:23:28,661 | INFO |   Child click [1]: label | has_text=Yes
2025-11-09 12:23:30,836 | INFO | --- Step 9: Step #9 ---
2025-11-09 12:23:30,853 | INFO | Found 1 parent element(s) for: section.clsQuestion
2025-11-09 12:23:30,854 | INFO | Processing parent index 0...
2025-11-09 12:23:30,854 | INFO |   Child click [1]: label | has_text=Yes
2025-11-09 12:23:33,039 | INFO | --- Step 10: Step #10 ---
2025-11-09 12:23:33,056 | INFO | Found 1 parent element(s) for: section.clsQuestion
2025-11-09 12:23:33,056 | INFO | Processing parent index 0...
2025-11-09 12:23:33,056 | INFO |   Child click [1]: label | has_text=Yes
2025-11-09 12:23:35,267 | INFO | --- Step 11: Step #11 ---
2025-11-09 12:23:35,286 | INFO | Found 1 parent element(s) for: section.clsQuestion
2025-11-09 12:23:35,286 | INFO | Processing parent index 0...
2025-11-09 12:23:35,287 | INFO |   Child click [1]: * | has_text=10% per year
2025-11-09 12:26:28,336 | INFO | === Starting workflow run ===
2025-11-09 12:26:28,336 | INFO | Profile dir: /home/nitro/Work Space/Python/Browserman/pw_profile
2025-11-09 12:26:28,336 | INFO | Viewport: 1920x1080
2025-11-09 12:26:29,876 | INFO | --- Step 1: Step #1 ---
2025-11-09 12:26:29,876 | INFO | Navigating to: https://www.pesi.com/sq/bh_c_001314_masteringdsm5_feb2023_sq_redirect-610455?redirecturl=1
2025-11-09 12:26:36,004 | INFO | --- Step 2: Enter To Exam ---
2025-11-09 12:26:36,005 | INFO | Click selector: a[data-productsqueezemediaid="2724"]
2025-11-09 12:26:46,489 | INFO | --- Step 3: Step #3 ---
2025-11-09 12:26:46,489 | INFO | Switching to frame by selector: .mfp-iframe
2025-11-09 12:26:46,490 | INFO | --- Step 4: Open credits box ---
2025-11-09 12:26:46,490 | INFO | Click selector: a[aria-label="Click here to select your credits"]
2025-11-09 12:26:48,693 | INFO | --- Step 5: Select a Credits ---
2025-11-09 12:26:48,694 | INFO | Click selector: input[name="creditTypeIds"]
2025-11-09 12:26:50,916 | INFO | --- Step 6: Open Exam Box ---
2025-11-09 12:26:50,917 | INFO | Click selector: a[aria-label="Click here For Quiz"]
2025-11-09 12:26:53,043 | INFO | --- Step 7: Step #7 ---
2025-11-09 12:26:53,044 | INFO | Click selector: a | has_text=Resume Quiz
2025-11-09 12:27:01,188 | INFO | --- Step 8: Step #8 ---
2025-11-09 12:27:01,211 | INFO | Found 1 parent element(s) for: section.clsQuestion
2025-11-09 12:27:01,211 | INFO | Processing parent index 0...
2025-11-09 12:27:01,212 | INFO |   Child click [1]: label | has_text=Yes
2025-11-09 12:27:03,385 | INFO | --- Step 9: Step #9 ---
2025-11-09 12:27:03,403 | INFO | Found 1 parent element(s) for: section.clsQuestion
2025-11-09 12:27:03,404 | INFO | Processing parent index 0...
2025-11-09 12:27:03,404 | INFO |   Child click [1]: label | has_text=Yes
2025-11-09 12:27:05,604 | INFO | --- Step 10: Step #10 ---
2025-11-09 12:27:05,621 | INFO | Found 1 parent element(s) for: section.clsQuestion
2025-11-09 12:27:05,621 | INFO | Processing parent index 0...
2025-11-09 12:27:05,622 | INFO |   Child click [1]: label | has_text=Yes
2025-11-09 12:27:07,807 | INFO | --- Step 11: Question 4 ---
2025-11-09 12:27:07,821 | INFO | Found 1 parent element(s) for: section.clsQuestion
2025-11-09 12:27:07,822 | INFO | Processing parent index 0...
2025-11-09 12:27:07,822 | INFO |   Child click [1]: span | has_text=10% per year
2025-11-09 12:27:10,131 | INFO | --- Step 12: Question 5 ---
2025-11-09 12:27:10,145 | INFO | Found 1 parent element(s) for: section.clsQuestion
2025-11-09 12:27:10,146 | INFO | Processing parent index 0...
2025-11-09 12:27:10,146 | INFO |   Child click [1]: span | has_text=motivational interview approaches.
2025-11-09 12:27:12,333 | INFO | --- Step 13: Question 6 ---
2025-11-09 12:27:12,348 | INFO | Found 1 parent element(s) for: section.clsQuestion
2025-11-09 12:27:12,349 | INFO | Processing parent index 0...
2025-11-09 12:27:12,349 | INFO |   Child click [1]: span | has_text=creating a hierarchy of diagnoses from severe to less severe
2025-11-09 12:27:14,535 | INFO | === Workflow completed successfully ===
2025-11-09 12:43:04,843 | INFO | === Starting workflow run ===
2025-11-09 12:43:04,844 | INFO | Profile dir: /home/nitro/Work Space/Python/Browserman/pw_profile
2025-11-09 12:43:04,845 | INFO | Viewport: 1920x1080
2025-11-09 12:43:06,700 | INFO | --- Step 1: Step #1 ---
2025-11-09 12:43:06,701 | INFO | Navigating to: https://www.pesi.com/sq/bh_c_001314_masteringdsm5_feb2023_sq_redirect-610455?redirecturl=1
2025-11-09 12:43:14,439 | INFO | --- Step 2: Enter To Exam ---
2025-11-09 12:43:14,439 | INFO | Click selector: a[data-productsqueezemediaid="2724"]
2025-11-09 12:43:24,983 | INFO | --- Step 3: Step #3 ---
2025-11-09 12:43:24,983 | INFO | Switching to frame by selector: .mfp-iframe
2025-11-09 12:43:24,984 | INFO | --- Step 4: Open credits box ---
2025-11-09 12:43:24,984 | INFO | Click selector: a[aria-label="Click here to select your credits"]
2025-11-09 12:43:27,228 | INFO | --- Step 5: Select a Credits ---
2025-11-09 12:43:27,228 | INFO | Click selector: input[name="creditTypeIds"]
2025-11-09 12:43:29,487 | INFO | --- Step 6: Open Exam Box ---
2025-11-09 12:43:29,487 | INFO | Click selector: a[aria-label="Click here For Quiz"]
2025-11-09 12:43:31,637 | INFO | --- Step 7: Step #7 ---
2025-11-09 12:43:31,637 | INFO | Click selector: a | has_text=Resume Quiz
2025-11-09 12:43:39,779 | INFO | --- Step 8: Step #8 ---
2025-11-09 12:43:39,801 | INFO | Found 1 parent element(s) for: section.clsQuestion
2025-11-09 12:43:39,801 | INFO | Processing parent index 0...
2025-11-09 12:43:39,801 | INFO |   Child click [1]: label | has_text=Yes
2025-11-09 12:43:42,090 | INFO | --- Step 9: Step #9 ---
2025-11-09 12:43:42,108 | INFO | Found 1 parent element(s) for: section.clsQuestion
2025-11-09 12:43:42,108 | INFO | Processing parent index 0...
2025-11-09 12:43:42,108 | INFO |   Child click [1]: label | has_text=Yes
2025-11-09 12:43:44,289 | INFO | --- Step 10: Step #10 ---
2025-11-09 12:43:44,309 | INFO | Found 1 parent element(s) for: section.clsQuestion
2025-11-09 12:43:44,309 | INFO | Processing parent index 0...
2025-11-09 12:43:44,309 | INFO |   Child click [1]: label | has_text=Yes
2025-11-09 12:43:46,512 | INFO | --- Step 11: Question 4 ---
2025-11-09 12:43:46,529 | INFO | Found 1 parent element(s) for: section.clsQuestion
2025-11-09 12:43:46,529 | INFO | Processing parent index 0...
2025-11-09 12:43:46,529 | INFO |   Child click [1]: span | has_text=10% per year
2025-11-09 12:43:48,744 | INFO | --- Step 12: Question 5 ---
2025-11-09 12:43:48,759 | INFO | Found 1 parent element(s) for: section.clsQuestion
2025-11-09 12:43:48,759 | INFO | Processing parent index 0...
2025-11-09 12:43:48,759 | INFO |   Child click [1]: span | has_text=motivational interview approaches.
2025-11-09 12:43:50,976 | INFO | --- Step 13: Question 6 ---
2025-11-09 12:43:50,993 | INFO | Found 1 parent element(s) for: section.clsQuestion
2025-11-09 12:43:50,994 | INFO | Processing parent index 0...
2025-11-09 12:43:50,994 | INFO |   Child click [1]: span | has_text=creating a hierarchy of diagnoses from severe to less severe
2025-11-09 12:43:53,211 | INFO | === Workflow completed successfully ===
2025-11-09 12:48:35,905 | INFO | === Starting workflow run ===
2025-11-09 12:48:35,906 | INFO | Profile dir: /home/nitro/Work Space/Python/Browserman/pw_profile
2025-11-09 12:48:35,906 | INFO | Viewport: 1366x768
2025-11-09 12:48:37,608 | INFO | --- Step 1: Step #1 ---
2025-11-09 12:48:37,608 | INFO | Navigating to: https://www.pesi.com/sq/bh_c_001314_masteringdsm5_feb2023_sq_redirect-610455?redirecturl=1
2025-11-09 12:48:43,898 | INFO | --- Step 2: Enter To Exam ---
2025-11-09 12:48:43,899 | INFO | Click selector: a[data-productsqueezemediaid="2724"]
2025-11-09 12:48:54,541 | INFO | --- Step 3: Step #3 ---
2025-11-09 12:48:54,541 | INFO | Switching to frame by selector: .mfp-iframe
2025-11-09 12:48:54,542 | INFO | --- Step 4: Open credits box ---
2025-11-09 12:48:54,542 | INFO | Click selector: a[aria-label="Click here to select your credits"]
2025-11-09 12:48:56,778 | INFO | --- Step 5: Select a Credits ---
2025-11-09 12:48:56,779 | INFO | Click selector: input[name="creditTypeIds"]
2025-11-09 12:48:59,125 | INFO | --- Step 6: Open Exam Box ---
2025-11-09 12:48:59,126 | INFO | Click selector: a[aria-label="Click here For Quiz"]
2025-11-09 12:49:01,279 | INFO | --- Step 7: Step #7 ---
2025-11-09 12:49:01,279 | INFO | Click selector: a | has_text=Resume Quiz
2025-11-09 12:49:09,438 | INFO | --- Step 8: Step #8 ---
2025-11-09 12:49:09,459 | INFO | Found 1 parent element(s) for: section.clsQuestion
2025-11-09 12:49:09,459 | INFO | Processing parent index 0...
2025-11-09 12:49:09,460 | INFO |   Child click [1]: label | has_text=Yes
2025-11-09 12:49:11,729 | INFO | --- Step 9: Step #9 ---
2025-11-09 12:49:11,745 | INFO | Found 1 parent element(s) for: section.clsQuestion
2025-11-09 12:49:11,745 | INFO | Processing parent index 0...
2025-11-09 12:49:11,746 | INFO |   Child click [1]: label | has_text=Yes
2025-11-09 12:49:13,954 | INFO | --- Step 10: Step #10 ---
2025-11-09 12:49:13,973 | INFO | Found 1 parent element(s) for: section.clsQuestion
2025-11-09 12:49:13,973 | INFO | Processing parent index 0...
2025-11-09 12:49:13,973 | INFO |   Child click [1]: label | has_text=Yes
2025-11-09 12:49:16,169 | INFO | --- Step 11: Question 4 ---
2025-11-09 12:49:16,184 | INFO | Found 1 parent element(s) for: section.clsQuestion
2025-11-09 12:49:16,185 | INFO | Processing parent index 0...
2025-11-09 12:49:16,185 | INFO |   Child click [1]: span | has_text=10% per year
2025-11-09 12:49:18,374 | INFO | --- Step 12: Question 5 ---
2025-11-09 12:49:18,391 | INFO | Found 1 parent element(s) for: section.clsQuestion
2025-11-09 12:49:18,392 | INFO | Processing parent index 0...
2025-11-09 12:49:18,392 | INFO |   Child click [1]: span | has_text=motivational interview approaches.
2025-11-09 12:49:20,569 | INFO | --- Step 13: Question 6 ---
2025-11-09 12:49:20,586 | INFO | Found 1 parent element(s) for: section.clsQuestion
2025-11-09 12:49:20,587 | INFO | Processing parent index 0...
2025-11-09 12:49:20,587 | INFO |   Child click [1]: span | has_text=creating a hierarchy of diagnoses from severe to less severe
2025-11-09 12:49:22,778 | INFO | === Workflow completed successfully ===
2025-11-09 15:41:36,090 | INFO | === Starting workflow run ===
2025-11-09 15:41:36,091 | INFO | Profile dir: /home/nitro/Work Space/Python/Browserman/pw_profile
2025-11-09 15:41:36,091 | INFO | Viewport: 1920x1080
2025-11-09 15:41:37,688 | INFO | --- Step 1: Step #1 ---
2025-11-09 15:41:37,688 | INFO | Navigating to: https://www.pesi.com/sq/bh_c_001314_masteringdsm5_feb2023_sq_redirect-610455?redirecturl=1
2025-11-09 15:41:47,951 | INFO | --- Step 2: Enter To Exam ---
2025-11-09 15:41:47,951 | INFO | Click selector: a[data-productsqueezemediaid="2724"]
2025-11-09 15:41:58,208 | INFO | --- Step 3: Step #3 ---
2025-11-09 15:41:58,208 | INFO | Switching to frame by selector: .mfp-iframe
2025-11-09 15:41:58,208 | INFO | --- Step 4: Open credits box ---
2025-11-09 15:41:58,209 | INFO | Click selector: a[aria-label="Click here to select your credits"]
2025-11-09 15:42:00,468 | INFO | --- Step 5: Select a Credits ---
2025-11-09 15:42:00,468 | INFO | Click selector: input[name="creditTypeIds"]
2025-11-09 15:42:02,744 | INFO | --- Step 6: Open Exam Box ---
2025-11-09 15:42:02,745 | INFO | Click selector: a[aria-label="Click here For Quiz"]
2025-11-09 15:42:04,895 | INFO | --- Step 7: Step #7 ---
2025-11-09 15:42:04,896 | INFO | Click selector: a | has_text=Resume Quiz
2025-11-09 15:42:13,020 | INFO | --- Step 8: Step #8 ---
2025-11-09 15:42:13,043 | INFO | Found 1 parent element(s) for: section.clsQuestion
2025-11-09 15:42:13,043 | INFO | Processing parent index 0...
2025-11-09 15:42:13,043 | INFO |   Child click [1]: label | has_text=Yes
2025-11-09 15:42:15,221 | INFO | --- Step 9: Step #9 ---
2025-11-09 15:42:15,237 | INFO | Found 1 parent element(s) for: section.clsQuestion
2025-11-09 15:42:15,237 | INFO | Processing parent index 0...
2025-11-09 15:42:15,237 | INFO |   Child click [1]: label | has_text=Yes
2025-11-09 15:42:17,417 | INFO | --- Step 10: Step #10 ---
2025-11-09 15:42:17,435 | INFO | Found 1 parent element(s) for: section.clsQuestion
2025-11-09 15:42:17,435 | INFO | Processing parent index 0...
2025-11-09 15:42:17,436 | INFO |   Child click [1]: label | has_text=Yes
2025-11-09 15:42:19,623 | INFO | --- Step 11: Question 4 ---
2025-11-09 15:42:19,638 | INFO | Found 1 parent element(s) for: section.clsQuestion
2025-11-09 15:42:19,639 | INFO | Processing parent index 0...
2025-11-09 15:42:19,639 | INFO |   Child click [1]: span | has_text=10% per year
2025-11-09 15:42:21,835 | INFO | --- Step 12: Question 5 ---
2025-11-09 15:42:21,849 | INFO | Found 1 parent element(s) for: section.clsQuestion
2025-11-09 15:42:21,850 | INFO | Processing parent index 0...
2025-11-09 15:42:21,850 | INFO |   Child click [1]: span | has_text=motivational interview approaches.
2025-11-09 15:42:24,049 | INFO | --- Step 13: Question 6 ---
2025-11-09 15:42:24,066 | INFO | Found 1 parent element(s) for: section.clsQuestion
2025-11-09 15:42:24,066 | INFO | Processing parent index 0...
2025-11-09 15:42:24,066 | INFO |   Child click [1]: span | has_text=creating a hierarchy of diagnoses from severe to less severe
2025-11-09 15:42:26,261 | INFO | === Workflow completed successfully ===
2025-11-09 16:15:41,585 | INFO | 🚀 === Starting workflow run ===
2025-11-09 16:15:41,586 | INFO | 📁 Profile dir: /home/nitro/Work Space/Python/Browserman/pw_profile
2025-11-09 16:15:41,586 | INFO | 🖥️ Viewport: 1920x1080
2025-11-09 16:15:43,202 | INFO | --- Step 1: Step #1 ---
2025-11-09 16:15:43,203 | INFO | 🌐 Navigating to: https://www.coursera.org/learn/managing-adhd-autism-learning-disabilities-and-concussion-in-school
2025-11-09 16:15:53,601 | INFO | ✅ === Workflow completed successfully ===
2025-11-09 16:33:13,649 | INFO | 🚀 === Starting workflow run ===
2025-11-09 16:33:13,650 | INFO | 📁 Profile dir: /home/nitro/Work Space/Python/Browserman/pw_profile
2025-11-09 16:33:13,650 | INFO | 🖥️ Viewport: 1920x1080
2025-11-09 16:33:15,402 | INFO | --- Step 1: Open URL ---
2025-11-09 16:33:15,403 | INFO | 🌐 Navigating to: https://www.coursera.org/learn/managing-adhd-autism-learning-disabilities-and-concussion-in-school
2025-11-09 16:33:28,535 | INFO | --- Step 2: Go To Course ---
2025-11-09 16:33:28,535 | INFO | 🔘 Click selector: button | has_text=Go to course
2025-11-09 16:34:03,281 | ERROR | ❌ Step failed: Go To Course | Timeout waiting for element: button
2025-11-09 16:37:18,176 | INFO | 🚀 === Starting workflow run ===
2025-11-09 16:37:18,176 | INFO | 📁 Profile dir: /home/nitro/Work Space/Python/Browserman/pw_profile
2025-11-09 16:37:18,176 | INFO | 🖥️ Viewport: 1920x1080
2025-11-09 16:37:19,859 | INFO | --- Step 1: Open URL ---
2025-11-09 16:37:19,859 | INFO | 🌐 Navigating to: https://www.coursera.org/learn/managing-adhd-autism-learning-disabilities-and-concussion-in-school
2025-11-09 16:37:31,096 | INFO | --- Step 2: Go To Course ---
2025-11-09 16:37:31,097 | INFO | 🔘 Click selector: button | has_text=Go to course
2025-11-09 16:38:02,681 | ERROR | ❌ Step failed: Go To Course | Timeout waiting for element: button
2025-11-09 16:38:52,088 | ERROR | ❌ Run aborted: Timeout waiting for element: button
2025-11-09 16:38:53,903 | INFO | 🚀 === Starting workflow run ===
2025-11-09 16:38:53,904 | INFO | 📁 Profile dir: /home/nitro/Work Space/Python/Browserman/pw_profile
2025-11-09 16:38:53,904 | INFO | 🖥️ Viewport: 1920x1080
2025-11-09 16:38:55,652 | INFO | --- Step 1: Open URL ---
2025-11-09 16:38:55,652 | INFO | 🌐 Navigating to: https://www.coursera.org/learn/managing-adhd-autism-learning-disabilities-and-concussion-in-school
2025-11-09 16:39:09,883 | INFO | --- Step 2: Go To Course ---
2025-11-09 16:39:09,883 | INFO | 🔘 Click selector: button | has_text=Go to course
2025-11-09 16:39:41,453 | ERROR | ❌ Step failed: Go To Course | Timeout waiting for element: button
2025-11-09 17:13:12,888 | INFO | 🚀 === Starting workflow run ===
2025-11-09 17:13:12,888 | INFO | 📁 Profile dir: /home/nitro/Work Space/Python/Browserman/pw_profile
2025-11-09 17:13:12,888 | INFO | 🖥️ Viewport: 1920x1080
2025-11-09 17:13:15,000 | INFO | --- Step 1: Open URL ---
2025-11-09 17:13:15,000 | INFO | 🌐 Navigating to: https://www.coursera.org/learn/managing-adhd-autism-learning-disabilities-and-concussion-in-school
2025-11-09 17:13:26,338 | INFO | --- Step 2: Go To Course ---
2025-11-09 17:13:26,339 | INFO | 🔘 Click selector: button | has_text=Go to course
2025-11-09 17:13:35,999 | INFO | --- Step 3: Open Grades ---
2025-11-09 17:13:35,999 | INFO | 🔘 Click selector: a[aria-label="Grades"]
2025-11-09 17:13:41,195 | INFO | --- Step 4: Open Section 1 ---
2025-11-09 17:13:41,195 | INFO | 🔘 Click selector: a | has_text=ADHD Assessment
2025-11-09 17:13:41,682 | INFO | ✅ === Workflow completed successfully ===
2025-11-09 17:43:54,922 | ERROR | ❌ Failed to load workflow JSON: Expecting ':' delimiter: line 38 column 12 (char 695)
2025-11-09 17:44:11,484 | INFO | 🚀 === Starting workflow run ===
2025-11-09 17:44:11,485 | INFO | 📁 Profile dir: /home/nitro/Work Space/Python/Browserman/pw_profile
2025-11-09 17:44:11,485 | INFO | 🖥️ Viewport: 1920x1080
2025-11-09 17:44:13,124 | INFO | --- Step 1: Open URL ---
2025-11-09 17:44:13,124 | INFO | 🌐 Navigating to: https://www.coursera.org/learn/managing-adhd-autism-learning-disabilities-and-concussion-in-school
2025-11-09 17:44:24,914 | INFO | --- Step 2: Go To Course ---
2025-11-09 17:44:24,915 | INFO | 🔘 Click selector: button | has_text=Go to course
2025-11-09 17:44:36,447 | INFO | --- Step 3: Open Grades ---
2025-11-09 17:44:36,448 | INFO | 🔘 Click selector: a[aria-label="Grades"]
2025-11-09 17:44:40,707 | INFO | --- Step 4: Open Section 1 ---
2025-11-09 17:44:40,707 | INFO | 🔘 Click selector: a | has_text=ADHD Assessment
2025-11-09 17:44:46,323 | INFO | --- Step 5: Resume ---
2025-11-09 17:44:46,324 | INFO | 🔘 Click selector: button | has_text=Resume
2025-11-09 17:44:51,498 | INFO | --- Step 6: Question 1 ---
2025-11-09 17:44:51,509 | INFO | 🔍 Found 1 parent element(s) for: div[role="group"]
2025-11-09 17:44:51,509 | INFO | 🔄 Processing parent index 0...
2025-11-09 17:44:51,510 | INFO |   🔘 Child click [1]: label | has_text=Conduct disorder
2025-11-09 17:44:53,697 | INFO |   🔘 Child click [2]: label | has_text=Learning disorders
2025-11-09 17:44:55,846 | INFO | ✅ === Workflow completed successfully ===
2025-11-09 17:47:14,926 | INFO | 🚀 === Starting workflow run ===
2025-11-09 17:47:14,926 | INFO | 📁 Profile dir: /home/nitro/Work Space/Python/Browserman/pw_profile
2025-11-09 17:47:14,926 | INFO | 🖥️ Viewport: 1920x1080
2025-11-09 17:47:16,734 | INFO | --- Step 1: Open URL ---
2025-11-09 17:47:16,734 | INFO | 🌐 Navigating to: https://www.coursera.org/learn/managing-adhd-autism-learning-disabilities-and-concussion-in-school
2025-11-09 17:47:28,655 | INFO | --- Step 2: Go To Course ---
2025-11-09 17:47:28,656 | INFO | 🔘 Click selector: button | has_text=Go to course
2025-11-09 17:47:40,330 | INFO | --- Step 3: Open Grades ---
2025-11-09 17:47:40,330 | INFO | 🔘 Click selector: a[aria-label="Grades"]
2025-11-09 17:47:44,665 | INFO | --- Step 4: Open Section 1 ---
2025-11-09 17:47:44,666 | INFO | 🔘 Click selector: a | has_text=ADHD Assessment
2025-11-09 17:47:50,325 | INFO | --- Step 5: Resume ---
2025-11-09 17:47:50,325 | INFO | 🔘 Click selector: button | has_text=Resume
2025-11-09 17:47:55,514 | INFO | --- Step 6: Question 1 ---
2025-11-09 17:47:55,524 | INFO | 🔍 Found 1 parent element(s) for: div[role="group"]
2025-11-09 17:47:55,524 | INFO | 🔄 Processing parent index 0...
2025-11-09 17:47:55,524 | INFO |   🔘 Child click [1]: label | has_text=Conduct disorder
2025-11-09 17:47:57,711 | INFO |   🔘 Child click [2]: label | has_text=Learning disorders
2025-11-09 17:47:59,873 | INFO | ✅ === Workflow completed successfully ===
2025-11-09 17:49:28,429 | INFO | 🚀 === Starting workflow run ===
2025-11-09 17:49:28,430 | INFO | 📁 Profile dir: /home/nitro/Work Space/Python/Browserman/pw_profile
2025-11-09 17:49:28,430 | INFO | 🖥️ Viewport: 1920x1080
2025-11-09 17:49:30,284 | INFO | --- Step 1: Open URL ---
2025-11-09 17:49:30,285 | INFO | 🌐 Navigating to: https://www.coursera.org/learn/managing-adhd-autism-learning-disabilities-and-concussion-in-school
2025-11-09 17:49:42,730 | INFO | --- Step 2: Go To Course ---
2025-11-09 17:49:42,730 | INFO | 🔘 Click selector: button | has_text=Go to course
2025-11-09 17:49:54,631 | INFO | --- Step 3: Open Grades ---
2025-11-09 17:49:54,631 | INFO | 🔘 Click selector: a[aria-label="Grades"]
2025-11-09 17:50:00,632 | INFO | --- Step 4: Open Section 1 ---
2025-11-09 17:50:00,632 | INFO | 🔘 Click selector: a | has_text=ADHD Assessment
2025-11-09 17:50:06,801 | INFO | --- Step 5: Resume ---
2025-11-09 17:50:06,801 | INFO | 🔘 Click selector: button | has_text=Resume
2025-11-09 17:50:11,968 | INFO | --- Step 6: Question 1 ---
2025-11-09 17:50:11,981 | INFO | 🔍 Found 1 parent element(s) for: div[role="group"]
2025-11-09 17:50:11,982 | INFO | 🔄 Processing parent index 0...
2025-11-09 17:50:11,982 | INFO |   🔘 Child click [1]: label | has_text=Conduct disorder
2025-11-09 17:50:14,171 | INFO |   🔘 Child click [2]: label | has_text=Learning disorders
2025-11-09 17:50:16,328 | INFO | ✅ === Workflow completed successfully ===
